This is pdfTeX, Version 3.14159265-2.6-1.40.21 (MiKTeX 2.9.7440 64-bit) (preloaded format=pdflatex 2020.6.7)  12 JUN 2020 01:41
entering extended mode
**"c:/Users/Madeleinosa/Documents/AXL/AXL/6to semestre/Herramientas_automatizadas/2do parcial/ha_GruPO_u2_latex_articulo_AxelReyesFlores/articulo.tex"
("c:/Users/Madeleinosa/Documents/AXL/AXL/6to semestre/Herramientas_automatizadas/2do parcial/ha_GruPO_u2_latex_articulo_AxelReyesFlores/articulo.tex"
LaTeX2e <2020-02-02> patch level 5
L3 programming layer <2020-06-03> ("C:\Users\Madeleinosa\Documents\Aprendiendo a programar\MIKTEXT\tex/latex/base\article.cls"
Document Class: article 2019/12/20 v1.4l Standard LaTeX document class
("C:\Users\Madeleinosa\Documents\Aprendiendo a programar\MIKTEXT\tex/latex/base\size10.clo"
File: size10.clo 2019/12/20 v1.4l Standard LaTeX file (size option)
)
\c@part=\count167
\c@section=\count168
\c@subsection=\count169
\c@subsubsection=\count170
\c@paragraph=\count171
\c@subparagraph=\count172
\c@figure=\count173
\c@table=\count174
\abovecaptionskip=\skip47
\belowcaptionskip=\skip48
\bibindent=\dimen134
) ("C:\Users\Madeleinosa\Documents\Aprendiendo a programar\MIKTEXT\tex/latex/base\inputenc.sty"
Package: inputenc 2018/08/11 v1.3c Input encoding file
\inpenc@prehook=\toks15
\inpenc@posthook=\toks16
) ("C:\Users\Madeleinosa\Documents\Aprendiendo a programar\MIKTEXT\tex/latex/graphics\graphicx.sty"
Package: graphicx 2019/11/30 v1.2a Enhanced LaTeX Graphics (DPC,SPQR)
 ("C:\Users\Madeleinosa\Documents\Aprendiendo a programar\MIKTEXT\tex/latex/graphics\keyval.sty"
Package: keyval 2014/10/28 v1.15 key=value parser (DPC)
\KV@toks@=\toks17
) ("C:\Users\Madeleinosa\Documents\Aprendiendo a programar\MIKTEXT\tex/latex/graphics\graphics.sty"
Package: graphics 2019/11/30 v1.4a Standard LaTeX Graphics (DPC,SPQR)
 ("C:\Users\Madeleinosa\Documents\Aprendiendo a programar\MIKTEXT\tex/latex/graphics\trig.sty"
Package: trig 2016/01/03 v1.10 sin cos tan (DPC)
) ("C:\Users\Madeleinosa\Documents\Aprendiendo a programar\MIKTEXT\tex/latex/graphics-cfg\graphics.cfg"
File: graphics.cfg 2016/06/04 v1.11 sample graphics configuration
)
Package graphics Info: Driver file: pdftex.def on input line 105.
 ("C:\Users\Madeleinosa\Documents\Aprendiendo a programar\MIKTEXT\tex/latex/graphics-def\pdftex.def"
File: pdftex.def 2018/01/08 v1.0l Graphics/color driver for pdftex
))
\Gin@req@height=\dimen135
\Gin@req@width=\dimen136
) ("C:\Users\Madeleinosa\Documents\Aprendiendo a programar\MIKTEXT\tex/generic/babel\babel.sty"
Package: babel 2020/05/13 3.44 The Babel package
 ("C:\Users\Madeleinosa\Documents\Aprendiendo a programar\MIKTEXT\tex/generic/babel\babel.def"
File: babel.def 2020/05/13 3.44 Babel common definitions
\babel@savecnt=\count175
\U@D=\dimen137
\l@babelnohyphens=\language79
 ("C:\Users\Madeleinosa\Documents\Aprendiendo a programar\MIKTEXT\tex/generic/babel\txtbabel.def")
\bbl@readstream=\read2
)
\bbl@dirlevel=\count176

*************************************
* Local config file bblopts.cfg used
*
("C:\Users\Madeleinosa\Documents\Aprendiendo a programar\MIKTEXT\tex/latex/arabi\bblopts.cfg"
File: bblopts.cfg 2005/09/08 v0.1 add Arabic and Farsi to "declared" options of babel
) ("C:\Users\Madeleinosa\Documents\Aprendiendo a programar\MIKTEXT\tex/latex/babel-spanish\spanish.ldf"
Language: spanish.ldf 2016/03/03 v5.0p Spanish support from the babel system
\es@quottoks=\toks18
\es@quotdepth=\count177
Package babel Info: Making " an active character on input line 561.
Package babel Info: Making . an active character on input line 662.
Package babel Info: Making < an active character on input line 707.
Package babel Info: Making > an active character on input line 707.
)) ("C:\Users\Madeleinosa\Documents\Aprendiendo a programar\MIKTEXT\tex/latex/pdfpages\pdfpages.sty"
Package: pdfpages 2020/01/28 v0.5q Insert pages of external PDF documents (AM)
 ("C:\Users\Madeleinosa\Documents\Aprendiendo a programar\MIKTEXT\tex/latex/base\ifthen.sty"
Package: ifthen 2014/09/29 v1.1c Standard LaTeX ifthen package (DPC)
) ("C:\Users\Madeleinosa\Documents\Aprendiendo a programar\MIKTEXT\tex/latex/tools\calc.sty"
Package: calc 2017/05/25 v4.3 Infix arithmetic (KKT,FJ)
\calc@Acount=\count178
\calc@Bcount=\count179
\calc@Adimen=\dimen138
\calc@Bdimen=\dimen139
\calc@Askip=\skip49
\calc@Bskip=\skip50
LaTeX Info: Redefining \setlength on input line 80.
LaTeX Info: Redefining \addtolength on input line 81.
\calc@Ccount=\count180
\calc@Cskip=\skip51
) ("C:\Users\Madeleinosa\Documents\Aprendiendo a programar\MIKTEXT\tex/latex/eso-pic\eso-pic.sty"
Package: eso-pic 2018/04/12 v2.0h eso-pic (RN)
 ("C:\Users\Madeleinosa\Documents\Aprendiendo a programar\MIKTEXT\tex/generic/atbegshi\atbegshi.sty"
Package: atbegshi 2019/12/05 v1.19 At begin shipout hook (HO)
 ("C:\Users\Madeleinosa\Documents\Aprendiendo a programar\MIKTEXT\tex/generic/infwarerr\infwarerr.sty"
Package: infwarerr 2019/12/03 v1.5 Providing info/warning/error messages (HO)
) ("C:\Users\Madeleinosa\Documents\Aprendiendo a programar\MIKTEXT\tex/generic/ltxcmds\ltxcmds.sty"
Package: ltxcmds 2019/12/15 v1.24 LaTeX kernel commands for general use (HO)
) ("C:\Users\Madeleinosa\Documents\Aprendiendo a programar\MIKTEXT\tex/generic/iftex\iftex.sty"
Package: iftex 2020/03/06 v1.0d TeX engine tests
)) ("C:\Users\Madeleinosa\Documents\Aprendiendo a programar\MIKTEXT\tex/latex/xcolor\xcolor.sty"
Package: xcolor 2016/05/11 v2.12 LaTeX color extensions (UK)
 ("C:\Users\Madeleinosa\Documents\Aprendiendo a programar\MIKTEXT\tex/latex/graphics-cfg\color.cfg"
File: color.cfg 2016/01/02 v1.6 sample color configuration
)
Package xcolor Info: Driver file: pdftex.def on input line 225.
Package xcolor Info: Model `cmy' substituted by `cmy0' on input line 1348.
Package xcolor Info: Model `hsb' substituted by `rgb' on input line 1352.
Package xcolor Info: Model `RGB' extended on input line 1364.
Package xcolor Info: Model `HTML' substituted by `rgb' on input line 1366.
Package xcolor Info: Model `Hsb' substituted by `hsb' on input line 1367.
Package xcolor Info: Model `tHsb' substituted by `hsb' on input line 1368.
Package xcolor Info: Model `HSB' substituted by `hsb' on input line 1369.
Package xcolor Info: Model `Gray' substituted by `gray' on input line 1370.
Package xcolor Info: Model `wave' substituted by `hsb' on input line 1371.
))
\AM@pagewidth=\dimen140
\AM@pageheight=\dimen141
 ("C:\Users\Madeleinosa\Documents\Aprendiendo a programar\MIKTEXT\tex/latex/pdfpages\pppdftex.def"
File: pppdftex.def 2020/01/28 v0.5q Pdfpages driver for pdfTeX (AM)
)
\AM@pagebox=\box45
\AM@global@opts=\toks19
\AM@pagecnt=\count181
\AM@toc@title=\toks20
\c@AM@survey=\count182
\AM@templatesizebox=\box46
) ("C:\Users\Madeleinosa\Documents\Aprendiendo a programar\MIKTEXT\tex/latex/psnfss\pifont.sty"
Package: pifont 2020/03/25 PSNFSS-v9.3 Pi font support (SPQR) 
LaTeX Font Info:    Trying to load font information for U+pzd on input line 63.
 ("C:\Users\Madeleinosa\Documents\Aprendiendo a programar\MIKTEXT\tex/latex/psnfss\upzd.fd"
File: upzd.fd 2001/06/04 font definitions for U/pzd.
)
LaTeX Font Info:    Trying to load font information for U+psy on input line 64.
 ("C:\Users\Madeleinosa\Documents\Aprendiendo a programar\MIKTEXT\tex/latex/psnfss\upsy.fd"
File: upsy.fd 2001/06/04 font definitions for U/psy.
)) ("C:\Users\Madeleinosa\Documents\Aprendiendo a programar\MIKTEXT\tex/latex/amsfonts\amssymb.sty"
Package: amssymb 2013/01/14 v3.01 AMS font symbols
 ("C:\Users\Madeleinosa\Documents\Aprendiendo a programar\MIKTEXT\tex/latex/amsfonts\amsfonts.sty"
Package: amsfonts 2013/01/14 v3.01 Basic AMSFonts support
\@emptytoks=\toks21
\symAMSa=\mathgroup4
\symAMSb=\mathgroup5
LaTeX Font Info:    Redeclaring math symbol \hbar on input line 98.
LaTeX Font Info:    Overwriting math alphabet `\mathfrak' in version `bold'
(Font)                  U/euf/m/n --> U/euf/b/n on input line 106.
)) ("C:\Users\Madeleinosa\Documents\Aprendiendo a programar\MIKTEXT\tex/latex/amsmath\amsmath.sty"
Package: amsmath 2020/01/20 v2.17e AMS math features
\@mathmargin=\skip52

For additional information on amsmath, use the `?' option.
("C:\Users\Madeleinosa\Documents\Aprendiendo a programar\MIKTEXT\tex/latex/amsmath\amstext.sty"
Package: amstext 2000/06/29 v2.01 AMS text
 ("C:\Users\Madeleinosa\Documents\Aprendiendo a programar\MIKTEXT\tex/latex/amsmath\amsgen.sty"
File: amsgen.sty 1999/11/30 v2.0 generic functions
\@emptytoks=\toks22
\ex@=\dimen142
)) ("C:\Users\Madeleinosa\Documents\Aprendiendo a programar\MIKTEXT\tex/latex/amsmath\amsbsy.sty"
Package: amsbsy 1999/11/29 v1.2d Bold Symbols
\pmbraise@=\dimen143
) ("C:\Users\Madeleinosa\Documents\Aprendiendo a programar\MIKTEXT\tex/latex/amsmath\amsopn.sty"
Package: amsopn 2016/03/08 v2.02 operator names
)
\inf@bad=\count183
LaTeX Info: Redefining \frac on input line 227.
\uproot@=\count184
\leftroot@=\count185
LaTeX Info: Redefining \overline on input line 389.
\classnum@=\count186
\DOTSCASE@=\count187
LaTeX Info: Redefining \ldots on input line 486.
LaTeX Info: Redefining \dots on input line 489.
LaTeX Info: Redefining \cdots on input line 610.
\Mathstrutbox@=\box47
\strutbox@=\box48
\big@size=\dimen144
LaTeX Font Info:    Redeclaring font encoding OML on input line 733.
LaTeX Font Info:    Redeclaring font encoding OMS on input line 734.
\macc@depth=\count188
\c@MaxMatrixCols=\count189
\dotsspace@=\muskip16
\c@parentequation=\count190
\dspbrk@lvl=\count191
\tag@help=\toks23
\row@=\count192
\column@=\count193
\maxfields@=\count194
\andhelp@=\toks24
\eqnshift@=\dimen145
\alignsep@=\dimen146
\tagshift@=\dimen147
\tagwidth@=\dimen148
\totwidth@=\dimen149
\lineht@=\dimen150
\@envbody=\toks25
\multlinegap=\skip53
\multlinetaggap=\skip54
\mathdisplay@stack=\toks26
LaTeX Info: Redefining \[ on input line 2859.
LaTeX Info: Redefining \] on input line 2860.
) ("C:\Users\Madeleinosa\Documents\Aprendiendo a programar\MIKTEXT\tex/latex/l3backend\l3backend-pdfmode.def"
File: l3backend-pdfmode.def 2020-06-03 L3 backend support: PDF mode
\l__kernel_color_stack_int=\count195
\l__pdf_internal_box=\box49
) ("c:/Users\Madeleinosa\Documents\AXL\AXL\6to semestre\Herramientas_automatizadas\2do parcial\ha_GruPO_u2_latex_articulo_AxelReyesFlores\build\articulo.aux"
LaTeX Info: Redefining \. on input line 8.
LaTeX Info: Redefining \% on input line 8.
)
\openout1 = `articulo.aux'.

LaTeX Font Info:    Checking defaults for OML/cmm/m/it on input line 18.
LaTeX Font Info:    ... okay on input line 18.
LaTeX Font Info:    Checking defaults for OMS/cmsy/m/n on input line 18.
LaTeX Font Info:    ... okay on input line 18.
LaTeX Font Info:    Checking defaults for OT1/cmr/m/n on input line 18.
LaTeX Font Info:    ... okay on input line 18.
LaTeX Font Info:    Checking defaults for T1/cmr/m/n on input line 18.
LaTeX Font Info:    ... okay on input line 18.
LaTeX Font Info:    Checking defaults for TS1/cmr/m/n on input line 18.
LaTeX Font Info:    ... okay on input line 18.
LaTeX Font Info:    Checking defaults for OMX/cmex/m/n on input line 18.
LaTeX Font Info:    ... okay on input line 18.
LaTeX Font Info:    Checking defaults for U/cmr/m/n on input line 18.
LaTeX Font Info:    ... okay on input line 18.
 ("C:\Users\Madeleinosa\Documents\Aprendiendo a programar\MIKTEXT\tex/context/base/mkii\supp-pdf.mkii"
[Loading MPS to PDF converter (version 2006.09.02).]
\scratchcounter=\count196
\scratchdimen=\dimen151
\scratchbox=\box50
\nofMPsegments=\count197
\nofMParguments=\count198
\everyMPshowfont=\toks27
\MPscratchCnt=\count199
\MPscratchDim=\dimen152
\MPnumerator=\count266
\makeMPintoPDFobject=\count267
\everyMPtoPDFconversion=\toks28
) ("C:\Users\Madeleinosa\Documents\Aprendiendo a programar\MIKTEXT\tex/latex/epstopdf-pkg\epstopdf-base.sty"
Package: epstopdf-base 2020-01-24 v2.11 Base part for package epstopdf
 ("C:\Users\Madeleinosa\Documents\Aprendiendo a programar\MIKTEXT\tex/latex/grfext\grfext.sty"
Package: grfext 2019/12/03 v1.3 Manage graphics extensions (HO)
 ("C:\Users\Madeleinosa\Documents\Aprendiendo a programar\MIKTEXT\tex/generic/kvdefinekeys\kvdefinekeys.sty"
Package: kvdefinekeys 2019-12-19 v1.6 Define keys (HO)
)) ("C:\Users\Madeleinosa\Documents\Aprendiendo a programar\MIKTEXT\tex/latex/kvoptions\kvoptions.sty"
Package: kvoptions 2019/11/29 v3.13 Key value format for package options (HO)
 ("C:\Users\Madeleinosa\Documents\Aprendiendo a programar\MIKTEXT\tex/generic/kvsetkeys\kvsetkeys.sty"
Package: kvsetkeys 2019/12/15 v1.18 Key value parser (HO)
)) ("C:\Users\Madeleinosa\Documents\Aprendiendo a programar\MIKTEXT\tex/latex/pdftexcmds\pdftexcmds.sty"
Package: pdftexcmds 2019/11/24 v0.31 Utility functions of pdfTeX for LuaTeX (HO)
Package pdftexcmds Info: \pdf@primitive is available.
Package pdftexcmds Info: \pdf@ifprimitive is available.
Package pdftexcmds Info: \pdfdraftmode found.
)
Package epstopdf-base Info: Redefining graphics rule for `.eps' on input line 485.
Package grfext Info: Graphics extension search list:
(grfext)             [.pdf,.png,.jpg,.mps,.jpeg,.jbig2,.jb2,.PDF,.PNG,.JPG,.JPEG,.JBIG2,.JB2,.eps]
(grfext)             \AppendGraphicsExtensions on input line 504.
)
LaTeX Info: Redefining \. on input line 18.
LaTeX Info: Redefining \% on input line 18.
\AtBeginShipoutBox=\box51
 ("C:\Users\Madeleinosa\Documents\Aprendiendo a programar\MIKTEXT\tex/latex/pdflscape\pdflscape.sty"
Package: pdflscape 2019/12/05 v0.12 Display of landscape pages in PDF (HO)
 ("C:\Users\Madeleinosa\Documents\Aprendiendo a programar\MIKTEXT\tex/latex/graphics\lscape.sty"
Package: lscape 2000/10/22 v3.01 Landscape Pages (DPC)
)
Package pdflscape Info: Auto-detected driver: pdftex on input line 81.
)
<imagenes/imagen1.png, id=1, 103.88812pt x 72.27pt>
File: imagenes/imagen1.png Graphic file (type png)
<use imagenes/imagen1.png>
Package pdftex.def Info: imagenes/imagen1.png  used on input line 22.
(pdftex.def)             Requested size: 93.49843pt x 65.04237pt.
LaTeX Font Info:    Trying to load font information for U+msa on input line 27.
 ("C:\Users\Madeleinosa\Documents\Aprendiendo a programar\MIKTEXT\tex/latex/amsfonts\umsa.fd"
File: umsa.fd 2013/01/14 v3.01 AMS symbols A
)
LaTeX Font Info:    Trying to load font information for U+msb on input line 27.
 ("C:\Users\Madeleinosa\Documents\Aprendiendo a programar\MIKTEXT\tex/latex/amsfonts\umsb.fd"
File: umsb.fd 2013/01/14 v3.01 AMS symbols B
) (resumen.tex) (secciones/seccion1.tex [1

{C:/Users/Madeleinosa/AppData/Local/MiKTeX/2.9/pdftex/config/pdftex.map} <./imagenes/imagen1.png>]) (secciones/seccion2.tex
<secciones/imagenes/imagen2.png, id=18, 103.88812pt x 72.27pt>
File: secciones/imagenes/imagen2.png Graphic file (type png)
<use secciones/imagenes/imagen2.png>
Package pdftex.def Info: secciones/imagenes/imagen2.png  used on input line 9.
(pdftex.def)             Requested size: 70.64297pt x 49.14293pt.
 [2 <./secciones/imagenes/imagen2.png>]) (referencias.tex) [3] ("c:/Users\Madeleinosa\Documents\AXL\AXL\6to semestre\Herramientas_automatizadas\2do parcial\ha_GruPO_u2_latex_articulo_AxelReyesFlores\build\articulo.aux"
LaTeX Info: Redefining \. on input line 8.
LaTeX Info: Redefining \% on input line 8.
) ) 
Here is how much of TeX's memory you used:
 5307 strings out of 480797
 79768 string characters out of 2889034
 334297 words of memory out of 3000000
 21189 multiletter control sequences out of 15000+200000
 543091 words of font info for 65 fonts, out of 3000000 for 9000
 1141 hyphenation exceptions out of 8191
 40i,9n,45p,436b,361s stack positions out of 5000i,500n,10000p,200000b,50000s
<C:/Users/Madeleinosa/Documents/Aprendiendo a programar/MIKTEXT/fonts/type1/public/amsfonts/cm/cmbx10.pfb><C:/Users/Madeleinosa/Documents/Aprendiendo a programar/MIKTEXT/fonts/type1/public/amsfonts/cm/cmbx12.pfb><C:/Users/Madeleinosa/Documents/Aprendiendo a programar/MIKTEXT/fonts/type1/public/amsfonts/cm/cmbx9.pfb><C:/Users/Madeleinosa/Documents/Aprendiendo a programar/MIKTEXT/fonts/type1/public/amsfonts/cm/cmex10.pfb><C:/Users/Madeleinosa/Documents/Aprendiendo a programar/MIKTEXT/fonts/type1/public/amsfonts/cm/cmmi10.pfb><C:/Users/Madeleinosa/Documents/Aprendiendo a programar/MIKTEXT/fonts/type1/public/amsfonts/cm/cmmi7.pfb><C:/Users/Madeleinosa/Documents/Aprendiendo a programar/MIKTEXT/fonts/type1/public/amsfonts/cm/cmr10.pfb><C:/Users/Madeleinosa/Documents/Aprendiendo a programar/MIKTEXT/fonts/type1/public/amsfonts/cm/cmr12.pfb><C:/Users/Madeleinosa/Documents/Aprendiendo a programar/MIKTEXT/fonts/type1/public/amsfonts/cm/cmr17.pfb><C:/Users/Madeleinosa/Documents/Aprendiendo a programar/MIKTEXT/fonts/type1/public/amsfonts/cm/cmr6.pfb><C:/Users/Madeleinosa/Documents/Aprendiendo a programar/MIKTEXT/fonts/type1/public/amsfonts/cm/cmr7.pfb><C:/Users/Madeleinosa/Documents/Aprendiendo a programar/MIKTEXT/fonts/type1/public/amsfonts/cm/cmr8.pfb><C:/Users/Madeleinosa/Documents/Aprendiendo a programar/MIKTEXT/fonts/type1/public/amsfonts/cm/cmr9.pfb><C:/Users/Madeleinosa/Documents/Aprendiendo a programar/MIKTEXT/fonts/type1/public/amsfonts/cm/cmsy10.pfb><C:/Users/Madeleinosa/Documents/Aprendiendo a programar/MIKTEXT/fonts/type1/public/amsfonts/cm/cmti10.pfb><C:/Users/Madeleinosa/Documents/Aprendiendo a programar/MIKTEXT/fonts/type1/urw/zapfding/uzdr.pfb>
Output written on "c:/Users\Madeleinosa\Documents\AXL\AXL\6to semestre\Herramientas_automatizadas\2do parcial\ha_GruPO_u2_latex_articulo_AxelReyesFlores\build\articulo.pdf" (3 pages, 166452 bytes).
PDF statistics:
 81 PDF objects out of 1000 (max. 8388607)
 0 named destinations out of 1000 (max. 500000)
 11 words of extra memory for PDF output out of 10000 (max. 10000000)

